<?xml version="1.0" encoding="UTF-8"?>
<testng-results skipped="0" failed="0" ignored="0" total="1" passed="1">
  <reporter-output>
  </reporter-output>
  <suite name="Default suite" duration-ms="14887" started-at="2019-03-13T11:01:21Z" finished-at="2019-03-13T11:01:35Z">
    <groups>
    </groups>
    <test name="Default test" duration-ms="14887" started-at="2019-03-13T11:01:21Z" finished-at="2019-03-13T11:01:35Z">
      <class name="jenkinsMaven.org.Demo">
        <test-method status="PASS" signature="setup()[pri:0, instance:jenkinsMaven.org.Demo@6b9651f3]" name="setup" is-config="true" duration-ms="9171" started-at="2019-03-13T11:01:21Z" finished-at="2019-03-13T11:01:30Z">
          <reporter-output>
          </reporter-output>
        </test-method> <!-- setup -->
        <test-method status="PASS" signature="init()[pri:0, instance:jenkinsMaven.org.Demo@6b9651f3]" name="init" duration-ms="3569" started-at="2019-03-13T11:01:30Z" finished-at="2019-03-13T11:01:33Z">
          <reporter-output>
          </reporter-output>
        </test-method> <!-- init -->
        <test-method status="PASS" signature="tearDown()[pri:0, instance:jenkinsMaven.org.Demo@6b9651f3]" name="tearDown" is-config="true" duration-ms="2116" started-at="2019-03-13T11:01:33Z" finished-at="2019-03-13T11:01:35Z">
          <reporter-output>
          </reporter-output>
        </test-method> <!-- tearDown -->
      </class> <!-- jenkinsMaven.org.Demo -->
    </test> <!-- Default test -->
  </suite> <!-- Default suite -->
</testng-results>
